<?xml version="1.0" encoding="UTF-8"?>
<testsuite name="lombock.LombockTest" tests="2" skipped="0" failures="0" errors="0" timestamp="2025-07-08T04:14:02.231Z" hostname="HB-301B" time="0.027">
  <properties/>
  <testcase name="test1()" classname="lombock.LombockTest" time="0.026"/>
  <testcase name="test2()" classname="lombock.LombockTest" time="0.001"/>
  <system-out><![CDATA[Test ....
Cust(custId=id33, custPwd=pwd33, custName=홍말자, custRegdate=null, custUpdate=null)
Test2 ....
]]></system-out>
  <system-err><![CDATA[]]></system-err>
</testsuite>
