<?xml version="1.0" encoding="UTF-8"?>
<testsuite name="cust.Select" tests="2" skipped="0" failures="0" errors="0" timestamp="2025-07-08T06:52:59.180Z" hostname="HB-301B" time="0.501">
  <properties/>
  <testcase name="select()" classname="cust.Select" time="0.447"/>
  <testcase name="select2()" classname="cust.Select" time="0.052"/>
  <system-out><![CDATA[Select1 Test Start ...
OK
jdbc:mysql://localhost:3306/shopdb?useUnicode=true&characterEncoding=UTF8&serverTimezone=Asia/Seoul
Pool Size::::3
Cust(custId=id01, custPwd=pwd01, custName=이말숙, custRegdate=2025-06-27 13:47:28.0, custUpdate=2025-06-27 13:47:28.0)
Select2 Test Start ...
Pool Size::::3
Cust(custId=id01, custPwd=pwd01, custName=이말숙, custRegdate=2025-06-27 13:47:28.0, custUpdate=2025-06-27 13:47:28.0)
]]></system-out>
  <system-err><![CDATA[]]></system-err>
</testsuite>
